ParseStarterProject/build/intermediates/manifest_merge_blame_file/debug/manifest-merger-blame-debug-report.txt
1<?xml version="1.0" encoding="utf-8"?>
2<manifest xmlns:android="http://schemas.android.com/apk/res/android"
3    package="com.parse.starter"
4    android:versionCode="1"
5    android:versionName="1.0" >
6
7    <uses-sdk
8        android:minSdkVersion="23"
8-->src\main\AndroidManifest.xml
9        android:targetSdkVersion="30" />
9-->src\main\AndroidManifest.xml
10
11    <uses-permission android:name="android.permission.INTERNET" />
11-->src\main\AndroidManifest.xml:5:5-67
11-->src\main\AndroidManifest.xml:5:22-64
12    <uses-permission android:name="android.permission.ACCESS_NETWORK_STATE" />
12-->src\main\AndroidManifest.xml:6:5-79
12-->src\main\AndroidManifest.xml:6:22-76
13    <uses-permission android:name="android.permission.READ_EXTERNAL_STORAGE" />
13-->src\main\AndroidManifest.xml:7:5-80
13-->src\main\AndroidManifest.xml:7:22-77
14    <uses-permission android:name="android.permission.ACCESS_FINE_LOCATION" />
14-->src\main\AndroidManifest.xml:8:5-79
14-->src\main\AndroidManifest.xml:8:22-76
15
16    <!-- Optional permission for Analytics to run. -->
17    <uses-permission android:name="android.permission.WAKE_LOCK" /> <!-- Required by older versions of Google Play services to create GCM registration tokens -->
17-->[com.google.android.gms:play-services-analytics:12.0.1] AndroidManifest.xml:27:5-68
17-->[com.google.android.gms:play-services-analytics:12.0.1] AndroidManifest.xml:27:22-65
18    <uses-permission android:name="com.google.android.c2dm.permission.RECEIVE" />
18-->[com.google.android.gms:play-services-gcm:12.0.1] AndroidManifest.xml:23:5-82
18-->[com.google.android.gms:play-services-gcm:12.0.1] AndroidManifest.xml:23:22-79
19
20    <uses-feature
20-->[com.google.android.gms:play-services-maps:12.0.1] AndroidManifest.xml:26:5-28:35
21        android:glEsVersion="0x00020000"
21-->[com.google.android.gms:play-services-maps:12.0.1] AndroidManifest.xml:27:9-41
22        android:required="true" />
22-->[com.google.android.gms:play-services-maps:12.0.1] AndroidManifest.xml:28:9-32
23
24    <permission
24-->[com.google.firebase:firebase-iid:12.0.1] AndroidManifest.xml:28:5-30:47
25        android:name="com.parse.starter.permission.C2D_MESSAGE"
25-->[com.google.firebase:firebase-iid:12.0.1] AndroidManifest.xml:29:9-63
26        android:protectionLevel="signature" />
26-->[com.google.firebase:firebase-iid:12.0.1] AndroidManifest.xml:30:9-44
27
28    <uses-permission android:name="com.parse.starter.permission.C2D_MESSAGE" />
28-->[com.google.firebase:firebase-iid:12.0.1] AndroidManifest.xml:32:5-79
28-->[com.google.firebase:firebase-iid:12.0.1] AndroidManifest.xml:32:22-76
29
30    <application
30-->src\main\AndroidManifest.xml:10:5-44:19
31        android:name="com.parse.starter.StarterApplication"
31-->src\main\AndroidManifest.xml:11:9-43
32        android:allowBackup="true"
32-->src\main\AndroidManifest.xml:12:9-35
33        android:appComponentFactory="androidx.core.app.CoreComponentFactory"
33-->[androidx.core:core:1.5.0] AndroidManifest.xml:24:18-86
34        android:debuggable="true"
35        android:extractNativeLibs="false"
36        android:icon="@mipmap/ic_launcher"
36-->src\main\AndroidManifest.xml:13:9-43
37        android:label="@string/app_name"
37-->src\main\AndroidManifest.xml:14:9-41
38        android:testOnly="true"
39        android:theme="@style/AppTheme"
39-->src\main\AndroidManifest.xml:15:9-40
40        android:usesCleartextTraffic="true" >
40-->src\main\AndroidManifest.xml:16:9-44
41        <activity
41-->src\main\AndroidManifest.xml:17:9-19:39
42            android:name="com.parse.starter.ChatActivity"
42-->src\main\AndroidManifest.xml:18:13-41
43            android:exported="true" />
43-->src\main\AndroidManifest.xml:19:13-36
44        <activity
44-->src\main\AndroidManifest.xml:20:9-22:39
45            android:name="com.parse.starter.ViewSnapActivity"
45-->src\main\AndroidManifest.xml:21:13-45
46            android:exported="true" />
46-->src\main\AndroidManifest.xml:22:13-36
47        <activity
47-->src\main\AndroidManifest.xml:23:9-25:39
48            android:name="com.parse.starter.DashboardActivity"
48-->src\main\AndroidManifest.xml:24:13-46
49            android:exported="true" />
49-->src\main\AndroidManifest.xml:25:13-36
50        <activity
50-->src\main\AndroidManifest.xml:26:9-28:39
51            android:name="com.parse.starter.NotificationActivity"
51-->src\main\AndroidManifest.xml:27:13-49
52            android:exported="true" />
52-->src\main\AndroidManifest.xml:28:13-36
53        <activity
53-->src\main\AndroidManifest.xml:29:9-31:39
54            android:name="com.parse.starter.UsersActivity"
54-->src\main\AndroidManifest.xml:30:13-42
55            android:exported="true" />
55-->src\main\AndroidManifest.xml:31:13-36
56        <activity
56-->src\main\AndroidManifest.xml:32:9-34:39
57            android:name="com.parse.starter.FeedActivity"
57-->src\main\AndroidManifest.xml:33:13-41
58            android:exported="true" />
58-->src\main\AndroidManifest.xml:34:13-36
59        <activity
59-->src\main\AndroidManifest.xml:35:9-43:20
60            android:name="com.parse.starter.MainActivity"
60-->src\main\AndroidManifest.xml:36:13-41
61            android:label="@string/app_name" >
61-->src\main\AndroidManifest.xml:37:13-45
62            <intent-filter>
62-->src\main\AndroidManifest.xml:38:13-42:29
63                <action android:name="android.intent.action.MAIN" />
63-->src\main\AndroidManifest.xml:39:17-69
63-->src\main\AndroidManifest.xml:39:25-66
64
65                <category android:name="android.intent.category.LAUNCHER" />
65-->src\main\AndroidManifest.xml:41:17-77
65-->src\main\AndroidManifest.xml:41:27-74
66            </intent-filter>
67        </activity>
68
69        <receiver android:name="com.google.android.gms.cast.framework.media.MediaIntentReceiver" />
69-->[com.google.android.gms:play-services-cast-framework:12.0.1] AndroidManifest.xml:8:9-100
69-->[com.google.android.gms:play-services-cast-framework:12.0.1] AndroidManifest.xml:8:19-97
70
71        <service android:name="com.google.android.gms.cast.framework.media.MediaNotificationService" />
71-->[com.google.android.gms:play-services-cast-framework:12.0.1] AndroidManifest.xml:10:9-104
71-->[com.google.android.gms:play-services-cast-framework:12.0.1] AndroidManifest.xml:10:18-101
72        <service android:name="com.google.android.gms.cast.framework.ReconnectionService" /> <!-- Include the AdActivity and InAppPurchaseActivity configChanges and themes. -->
72-->[com.google.android.gms:play-services-cast-framework:12.0.1] AndroidManifest.xml:11:9-93
72-->[com.google.android.gms:play-services-cast-framework:12.0.1] AndroidManifest.xml:11:18-90
73        <activity
73-->[com.google.android.gms:play-services-ads-lite:12.0.1] AndroidManifest.xml:29:9-33:64
74            android:name="com.google.android.gms.ads.AdActivity"
74-->[com.google.android.gms:play-services-ads-lite:12.0.1] AndroidManifest.xml:30:13-65
75            android:configChanges="keyboard|keyboardHidden|orientation|screenLayout|uiMode|screenSize|smallestScreenSize"
75-->[com.google.android.gms:play-services-ads-lite:12.0.1] AndroidManifest.xml:31:13-122
76            android:exported="false"
76-->[com.google.android.gms:play-services-ads-lite:12.0.1] AndroidManifest.xml:32:13-37
77            android:theme="@android:style/Theme.Translucent" />
77-->[com.google.android.gms:play-services-ads-lite:12.0.1] AndroidManifest.xml:33:13-61
78
79        <receiver
79-->[com.google.android.gms:play-services-analytics:12.0.1] AndroidManifest.xml:30:9-34:20
80            android:name="com.google.android.gms.analytics.AnalyticsReceiver"
80-->[com.google.android.gms:play-services-analytics:12.0.1] AndroidManifest.xml:31:13-78
81            android:enabled="true"
81-->[com.google.android.gms:play-services-analytics:12.0.1] AndroidManifest.xml:32:13-35
82            android:exported="false" >
82-->[com.google.android.gms:play-services-analytics:12.0.1] AndroidManifest.xml:33:13-37
83        </receiver>
84
85        <service
85-->[com.google.android.gms:play-services-analytics:12.0.1] AndroidManifest.xml:36:9-39:40
86            android:name="com.google.android.gms.analytics.AnalyticsService"
86-->[com.google.android.gms:play-services-analytics:12.0.1] AndroidManifest.xml:37:13-77
87            android:enabled="true"
87-->[com.google.android.gms:play-services-analytics:12.0.1] AndroidManifest.xml:38:13-35
88            android:exported="false" />
88-->[com.google.android.gms:play-services-analytics:12.0.1] AndroidManifest.xml:39:13-37
89        <service
89-->[com.google.android.gms:play-services-analytics:12.0.1] AndroidManifest.xml:40:9-44:72
90            android:name="com.google.android.gms.analytics.AnalyticsJobService"
90-->[com.google.android.gms:play-services-analytics:12.0.1] AndroidManifest.xml:41:13-80
91            android:enabled="true"
91-->[com.google.android.gms:play-services-analytics:12.0.1] AndroidManifest.xml:42:13-35
92            android:exported="false"
92-->[com.google.android.gms:play-services-analytics:12.0.1] AndroidManifest.xml:43:13-37
93            android:permission="android.permission.BIND_JOB_SERVICE" />
93-->[com.google.android.gms:play-services-analytics:12.0.1] AndroidManifest.xml:44:13-69
94
95        <activity
95-->[com.google.android.gms:play-services-appinvite:12.0.1] AndroidManifest.xml:25:9-34:20
96            android:name="com.google.android.gms.appinvite.PreviewActivity"
96-->[com.google.android.gms:play-services-appinvite:12.0.1] AndroidManifest.xml:26:13-76
97            android:exported="true"
97-->[com.google.android.gms:play-services-appinvite:12.0.1] AndroidManifest.xml:27:13-36
98            android:theme="@style/Theme.AppInvite.Preview" >
98-->[com.google.android.gms:play-services-appinvite:12.0.1] AndroidManifest.xml:28:13-59
99            <intent-filter>
99-->[com.google.android.gms:play-services-appinvite:12.0.1] AndroidManifest.xml:29:13-33:29
100                <action android:name="com.google.android.gms.appinvite.ACTION_PREVIEW" />
100-->[com.google.android.gms:play-services-appinvite:12.0.1] AndroidManifest.xml:30:17-90
100-->[com.google.android.gms:play-services-appinvite:12.0.1] AndroidManifest.xml:30:25-87
101
102                <category android:name="android.intent.category.DEFAULT" />
102-->[com.google.android.gms:play-services-appinvite:12.0.1] AndroidManifest.xml:32:17-76
102-->[com.google.android.gms:play-services-appinvite:12.0.1] AndroidManifest.xml:32:27-73
103            </intent-filter>
104        </activity>
105        <activity
105-->[com.google.android.gms:play-services-auth:12.0.1] AndroidManifest.xml:23:9-27:75
106            android:name="com.google.android.gms.auth.api.signin.internal.SignInHubActivity"
106-->[com.google.android.gms:play-services-auth:12.0.1] AndroidManifest.xml:24:13-93
107            android:excludeFromRecents="true"
107-->[com.google.android.gms:play-services-auth:12.0.1] AndroidManifest.xml:25:13-46
108            android:exported="false"
108-->[com.google.android.gms:play-services-auth:12.0.1] AndroidManifest.xml:26:13-37
109            android:theme="@android:style/Theme.Translucent.NoTitleBar" />
109-->[com.google.android.gms:play-services-auth:12.0.1] AndroidManifest.xml:27:13-72
110        <!--
111            Service handling Google Sign-In user revocation. For apps that do not integrate with
112            Google Sign-In, this service will never be started.
113        -->
114        <service
114-->[com.google.android.gms:play-services-auth:12.0.1] AndroidManifest.xml:33:9-36:110
115            android:name="com.google.android.gms.auth.api.signin.RevocationBoundService"
115-->[com.google.android.gms:play-services-auth:12.0.1] AndroidManifest.xml:34:13-89
116            android:exported="true"
116-->[com.google.android.gms:play-services-auth:12.0.1] AndroidManifest.xml:35:13-36
117            android:permission="com.google.android.gms.auth.api.signin.permission.REVOCATION_NOTIFICATION" />
117-->[com.google.android.gms:play-services-auth:12.0.1] AndroidManifest.xml:36:13-107
118
119        <activity
119-->[com.google.firebase:firebase-auth:12.0.1] AndroidManifest.xml:23:9-29:75
120            android:name="com.google.firebase.auth.internal.FederatedSignInActivity"
120-->[com.google.firebase:firebase-auth:12.0.1] AndroidManifest.xml:24:13-85
121            android:excludeFromRecents="true"
121-->[com.google.firebase:firebase-auth:12.0.1] AndroidManifest.xml:25:13-46
122            android:exported="true"
122-->[com.google.firebase:firebase-auth:12.0.1] AndroidManifest.xml:26:13-36
123            android:launchMode="singleInstance"
123-->[com.google.firebase:firebase-auth:12.0.1] AndroidManifest.xml:27:13-48
124            android:permission="com.google.firebase.auth.api.gms.permission.LAUNCH_FEDERATED_SIGN_IN"
124-->[com.google.firebase:firebase-auth:12.0.1] AndroidManifest.xml:28:13-102
125            android:theme="@android:style/Theme.Translucent.NoTitleBar" />
125-->[com.google.firebase:firebase-auth:12.0.1] AndroidManifest.xml:29:13-72
126        <activity
126-->[com.google.android.gms:play-services-base:12.0.1] AndroidManifest.xml:23:9-26:75
127            android:name="com.google.android.gms.common.api.GoogleApiActivity"
127-->[com.google.android.gms:play-services-base:12.0.1] AndroidManifest.xml:24:13-79
128            android:exported="false"
128-->[com.google.android.gms:play-services-base:12.0.1] AndroidManifest.xml:25:13-37
129            android:theme="@android:style/Theme.Translucent.NoTitleBar" />
129-->[com.google.android.gms:play-services-base:12.0.1] AndroidManifest.xml:26:13-72
130        <!--
131             FirebaseMessagingService performs security checks at runtime,
132             no need for explicit permissions despite exported="true"
133        -->
134        <service
134-->[com.google.firebase:firebase-messaging:12.0.1] AndroidManifest.xml:28:9-34:19
135            android:name="com.google.firebase.messaging.FirebaseMessagingService"
135-->[com.google.firebase:firebase-messaging:12.0.1] AndroidManifest.xml:29:13-82
136            android:exported="true" >
136-->[com.google.firebase:firebase-messaging:12.0.1] AndroidManifest.xml:30:13-36
137            <intent-filter android:priority="-500" >
137-->[com.google.firebase:firebase-messaging:12.0.1] AndroidManifest.xml:31:13-33:29
137-->[com.google.firebase:firebase-messaging:12.0.1] AndroidManifest.xml:31:28-51
138                <action android:name="com.google.firebase.MESSAGING_EVENT" />
138-->[com.google.firebase:firebase-messaging:12.0.1] AndroidManifest.xml:32:17-78
138-->[com.google.firebase:firebase-messaging:12.0.1] AndroidManifest.xml:32:25-75
139            </intent-filter>
140        </service>
141        <service
141-->[com.google.android.gms:play-services-tagmanager-api:12.0.1] AndroidManifest.xml:27:9-30:40
142            android:name="com.google.android.gms.tagmanager.TagManagerService"
142-->[com.google.android.gms:play-services-tagmanager-api:12.0.1] AndroidManifest.xml:28:13-79
143            android:enabled="true"
143-->[com.google.android.gms:play-services-tagmanager-api:12.0.1] AndroidManifest.xml:29:13-35
144            android:exported="false" />
144-->[com.google.android.gms:play-services-tagmanager-api:12.0.1] AndroidManifest.xml:30:13-37
145
146        <activity
146-->[com.google.android.gms:play-services-tagmanager-api:12.0.1] AndroidManifest.xml:32:9-44:20
147            android:name="com.google.android.gms.tagmanager.TagManagerPreviewActivity"
147-->[com.google.android.gms:play-services-tagmanager-api:12.0.1] AndroidManifest.xml:33:13-87
148            android:exported="true"
148-->[com.google.android.gms:play-services-tagmanager-api:12.0.1] AndroidManifest.xml:34:13-36
149            android:noHistory="true" > <!-- optional, removes the previewActivity from the activity stack. -->
149-->[com.google.android.gms:play-services-tagmanager-api:12.0.1] AndroidManifest.xml:35:13-37
150            <intent-filter>
150-->[com.google.android.gms:play-services-tagmanager-api:12.0.1] AndroidManifest.xml:36:13-43:29
151                <data android:scheme="tagmanager.c.com.parse.starter" />
151-->[com.google.android.gms:play-services-tagmanager-api:12.0.1] AndroidManifest.xml:37:17-72
151-->[com.google.android.gms:play-services-tagmanager-api:12.0.1] AndroidManifest.xml:37:23-69
152
153                <action android:name="android.intent.action.VIEW" />
153-->[com.google.android.gms:play-services-tagmanager-api:12.0.1] AndroidManifest.xml:39:17-69
153-->[com.google.android.gms:play-services-tagmanager-api:12.0.1] AndroidManifest.xml:39:25-66
154
155                <category android:name="android.intent.category.DEFAULT" />
155-->[com.google.android.gms:play-services-appinvite:12.0.1] AndroidManifest.xml:32:17-76
155-->[com.google.android.gms:play-services-appinvite:12.0.1] AndroidManifest.xml:32:27-73
156                <category android:name="android.intent.category.BROWSABLE" />
156-->[com.google.android.gms:play-services-tagmanager-api:12.0.1] AndroidManifest.xml:42:17-78
156-->[com.google.android.gms:play-services-tagmanager-api:12.0.1] AndroidManifest.xml:42:27-75
157            </intent-filter>
158        </activity>
159
160        <receiver
160-->[com.google.firebase:firebase-analytics:12.0.1] AndroidManifest.xml:28:9-32:20
161            android:name="com.google.android.gms.measurement.AppMeasurementReceiver"
161-->[com.google.firebase:firebase-analytics:12.0.1] AndroidManifest.xml:29:13-85
162            android:enabled="true"
162-->[com.google.firebase:firebase-analytics:12.0.1] AndroidManifest.xml:30:13-35
163            android:exported="false" >
163-->[com.google.firebase:firebase-analytics:12.0.1] AndroidManifest.xml:31:13-37
164        </receiver>
165        <receiver
165-->[com.google.firebase:firebase-analytics:12.0.1] AndroidManifest.xml:33:9-41:20
166            android:name="com.google.android.gms.measurement.AppMeasurementInstallReferrerReceiver"
166-->[com.google.firebase:firebase-analytics:12.0.1] AndroidManifest.xml:34:13-100
167            android:enabled="true"
167-->[com.google.firebase:firebase-analytics:12.0.1] AndroidManifest.xml:35:13-35
168            android:exported="true"
168-->[com.google.firebase:firebase-analytics:12.0.1] AndroidManifest.xml:36:13-36
169            android:permission="android.permission.INSTALL_PACKAGES" >
169-->[com.google.firebase:firebase-analytics:12.0.1] AndroidManifest.xml:37:13-69
170            <intent-filter>
170-->[com.google.firebase:firebase-analytics:12.0.1] AndroidManifest.xml:38:13-40:29
171                <action android:name="com.android.vending.INSTALL_REFERRER" />
171-->[com.google.firebase:firebase-analytics:12.0.1] AndroidManifest.xml:39:17-79
171-->[com.google.firebase:firebase-analytics:12.0.1] AndroidManifest.xml:39:25-76
172            </intent-filter>
173        </receiver>
174
175        <service
175-->[com.google.firebase:firebase-analytics:12.0.1] AndroidManifest.xml:43:9-46:40
176            android:name="com.google.android.gms.measurement.AppMeasurementService"
176-->[com.google.firebase:firebase-analytics:12.0.1] AndroidManifest.xml:44:13-84
177            android:enabled="true"
177-->[com.google.firebase:firebase-analytics:12.0.1] AndroidManifest.xml:45:13-35
178            android:exported="false" />
178-->[com.google.firebase:firebase-analytics:12.0.1] AndroidManifest.xml:46:13-37
179        <service
179-->[com.google.firebase:firebase-analytics:12.0.1] AndroidManifest.xml:47:9-51:72
180            android:name="com.google.android.gms.measurement.AppMeasurementJobService"
180-->[com.google.firebase:firebase-analytics:12.0.1] AndroidManifest.xml:48:13-87
181            android:enabled="true"
181-->[com.google.firebase:firebase-analytics:12.0.1] AndroidManifest.xml:49:13-35
182            android:exported="false"
182-->[com.google.firebase:firebase-analytics:12.0.1] AndroidManifest.xml:50:13-37
183            android:permission="android.permission.BIND_JOB_SERVICE" />
183-->[com.google.firebase:firebase-analytics:12.0.1] AndroidManifest.xml:51:13-69
184
185        <receiver
185-->[com.google.firebase:firebase-iid:12.0.1] AndroidManifest.xml:35:9-44:20
186            android:name="com.google.firebase.iid.FirebaseInstanceIdReceiver"
186-->[com.google.firebase:firebase-iid:12.0.1] AndroidManifest.xml:36:13-78
187            android:exported="true"
187-->[com.google.firebase:firebase-iid:12.0.1] AndroidManifest.xml:37:13-36
188            android:permission="com.google.android.c2dm.permission.SEND" >
188-->[com.google.firebase:firebase-iid:12.0.1] AndroidManifest.xml:38:13-73
189            <intent-filter>
189-->[com.google.firebase:firebase-iid:12.0.1] AndroidManifest.xml:39:13-43:29
190                <action android:name="com.google.android.c2dm.intent.RECEIVE" />
190-->[com.google.firebase:firebase-iid:12.0.1] AndroidManifest.xml:40:17-81
190-->[com.google.firebase:firebase-iid:12.0.1] AndroidManifest.xml:40:25-78
191
192                <category android:name="com.parse.starter" />
192-->[com.google.firebase:firebase-iid:12.0.1] AndroidManifest.xml:42:17-61
192-->[com.google.firebase:firebase-iid:12.0.1] AndroidManifest.xml:42:27-58
193            </intent-filter>
194        </receiver>
195        <!--
196             FirebaseInstanceIdService performs security checks at runtime,
197             no need for explicit permissions despite exported="true"
198        -->
199        <service
199-->[com.google.firebase:firebase-iid:12.0.1] AndroidManifest.xml:50:9-56:19
200            android:name="com.google.firebase.iid.FirebaseInstanceIdService"
200-->[com.google.firebase:firebase-iid:12.0.1] AndroidManifest.xml:51:13-77
201            android:exported="true" >
201-->[com.google.firebase:firebase-iid:12.0.1] AndroidManifest.xml:52:13-36
202            <intent-filter android:priority="-500" >
202-->[com.google.firebase:firebase-iid:12.0.1] AndroidManifest.xml:53:13-55:29
202-->[com.google.firebase:firebase-iid:12.0.1] AndroidManifest.xml:53:28-51
203                <action android:name="com.google.firebase.INSTANCE_ID_EVENT" />
203-->[com.google.firebase:firebase-iid:12.0.1] AndroidManifest.xml:54:17-80
203-->[com.google.firebase:firebase-iid:12.0.1] AndroidManifest.xml:54:25-77
204            </intent-filter>
205        </service>
206
207        <provider
207-->[com.google.firebase:firebase-common:12.0.1] AndroidManifest.xml:8:9-12:39
208            android:name="com.google.firebase.provider.FirebaseInitProvider"
208-->[com.google.firebase:firebase-common:12.0.1] AndroidManifest.xml:9:13-77
209            android:authorities="com.parse.starter.firebaseinitprovider"
209-->[com.google.firebase:firebase-common:12.0.1] AndroidManifest.xml:10:13-72
210            android:exported="false"
210-->[com.google.firebase:firebase-common:12.0.1] AndroidManifest.xml:11:13-37
211            android:initOrder="100" />
211-->[com.google.firebase:firebase-common:12.0.1] AndroidManifest.xml:12:13-36
212
213        <meta-data
213-->[com.google.android.gms:play-services-basement:12.0.1] AndroidManifest.xml:23:9-25:69
214            android:name="com.google.android.gms.version"
214-->[com.google.android.gms:play-services-basement:12.0.1] AndroidManifest.xml:24:13-58
215            android:value="@integer/google_play_services_version" />
215-->[com.google.android.gms:play-services-basement:12.0.1] AndroidManifest.xml:25:13-66
216    </application>
217
218</manifest>